#
# A fatal error has been detected by the Java Runtime Environment:
#
#  SIGSEGV (0xb) at pc=0x000000010e9e191a, pid=1478, tid=7171
#
# JRE version: Java(TM) SE Runtime Environment (9.0+11) (build 9.0.1+11)
# Java VM: Java HotSpot(TM) 64-Bit Server VM (9.0.1+11, mixed mode, tiered, compressed oops, g1 gc, bsd-amd64)
# Problematic frame:
# V  [libjvm.dylib+0x3e191a]
#
# No core dump will be written. Core dumps have been disabled. To enable core dumping, try "ulimit -c unlimited" before starting Java again
#
# If you would like to submit a bug report, please visit:
#   http://bugreport.java.com/bugreport/crash.jsp
#

---------------  S U M M A R Y ------------

Command Line: -Dfile.encoding=UTF-8 org.apache.catalina.startup.Tomcat$1

Host: MacBookPro14,1 x86_64 2300 MHz, 4 cores, 8G, Darwin 16.7.0
Time: Wed Oct 25 22:59:25 2017 -03 elapsed time: 0 seconds (0d 0h 0m 0s)

---------------  T H R E A D  ---------------

Current thread (0x00007ff7b680b800):  JavaThread "main" [_thread_in_vm, id=7171, stack(0x0000700007bd1000,0x0000700007cd1000)]

Stack: [0x0000700007bd1000,0x0000700007cd1000],  sp=0x0000700007cd0d30,  free space=1023k
Native frames: (J=compiled Java code, A=aot compiled Java code, j=interpreted, Vv=VM code, C=native code)
V  [libjvm.dylib+0x3e191a]
C  [java+0x7613]  PostJVMInit+0xb0
C  [java+0x4d58]  JavaMain+0xaeb
C  [libsystem_pthread.dylib+0x393b]  _pthread_body+0xb4
C  [libsystem_pthread.dylib+0x3887]  _pthread_body+0x0
C  [libsystem_pthread.dylib+0x308d]  thread_start+0xd
C  0x0000000000000000


siginfo: si_signo: 11 (SIGSEGV), si_code: 1 (SEGV_MAPERR), si_addr: 0x0000000000000000

Register to memory mapping:

RAX=0x000000010ef45900: _ZN22ResourceContextFactory6_mutexE+0 in /Library/Java/JavaVirtualMachines/jdk-9.0.1.jdk/Contents/Home/lib/server/libjvm.dylib at 0x000000010e600000
RBX=0x00007ff7b680b800 is a thread
RCX=0x000000010ef43ea0: _ZN2os16_processor_countE+0 in /Library/Java/JavaVirtualMachines/jdk-9.0.1.jdk/Contents/Home/lib/server/libjvm.dylib at 0x000000010e600000
RDX=0x0000000000000000 is an unknown value
RSP=0x0000700007cd0d30 is pointing into the stack for thread: 0x00007ff7b680b800
RBP=0x0000700007cd0dc0 is pointing into the stack for thread: 0x00007ff7b680b800
RSI=0x0000000000000000 is an unknown value
RDI=0x00007ff7b680ba18 is an unknown value
R8 =0x00007ff7b4c3e6a0 is an unknown value
R9 =0x0000000000000000 is an unknown value
R10=0x000000010ef4b150: _ZN19TemplateInterpreter13_active_tableE+0x4000 in /Library/Java/JavaVirtualMachines/jdk-9.0.1.jdk/Contents/Home/lib/server/libjvm.dylib at 0x000000010e600000
R11=0x0000000000000000 is an unknown value
R12=0x00007ff7b680ba18 is an unknown value
R13=0xc87b7b5303a20048 is an unknown value
R14=0x0000000000000000 is an unknown value
R15=0x0000000000000000 is an unknown value


Registers:
RAX=0x000000010ef45900, RBX=0x00007ff7b680b800, RCX=0x000000010ef43ea0, RDX=0x0000000000000000
RSP=0x0000700007cd0d30, RBP=0x0000700007cd0dc0, RSI=0x0000000000000000, RDI=0x00007ff7b680ba18
R8 =0x00007ff7b4c3e6a0, R9 =0x0000000000000000, R10=0x000000010ef4b150, R11=0x0000000000000000
R12=0x00007ff7b680ba18, R13=0xc87b7b5303a20048, R14=0x0000000000000000, R15=0x0000000000000000
RIP=0x000000010e9e191a, EFLAGS=0x0000000000010246, ERR=0x0000000000000004
  TRAPNO=0x000000000000000e

Top of Stack: (sp=0x0000700007cd0d30)
0x0000700007cd0d30:   000070000000000c 0000000000000000
0x0000700007cd0d40:   00007ff7b680b800 0000000000000000
0x0000700007cd0d50:   0000700007cd0dc0 000000010e9d575a
0x0000700007cd0d60:   0000700007cd0d70 00007ff7b680b800
0x0000700007cd0d70:   0000000000000000 000000010ed148ed
0x0000700007cd0d80:   0000000000000000 00007ff7b680b800
0x0000700007cd0d90:   00007ff7b680b800 00007ff7b680ba18
0x0000700007cd0da0:   00007ff7b4f09038 c87b7b5303a20048
0x0000700007cd0db0:   0000000000000000 00007ff7b4f09040
0x0000700007cd0dc0:   0000700007cd0e50 000000010dbdb613
0x0000700007cd0dd0:   0000700007cd0e10 000000010e9d4001
0x0000700007cd0de0:   0000700007cd0df0 000000010ed14959
0x0000700007cd0df0:   0000700007cd0e10 000000010ed148ed
0x0000700007cd0e00:   0000000000000000 00007ff7b680ba18
0x0000700007cd0e10:   0000700007cd0e50 000000010e9d4001
0x0000700007cd0e20:   c87b7b5303a20048 00007ff7b680ba18
0x0000700007cd0e30:   00007ff7b4f09038 0000000000000000
0x0000700007cd0e40:   00007ff7b4f09050 00007ff7b4f09040
0x0000700007cd0e50:   0000700007cd0ef0 000000010dbd8d58
0x0000700007cd0e60:   0000000000000000 0000000000000000
0x0000700007cd0e70:   0000000000000000 0000000000000000
0x0000700007cd0e80:   00007ff7b4d04868 0000000000000000
0x0000700007cd0e90:   0000000000000001 00007ff7b4d046b0
0x0000700007cd0ea0:   00007ff7b680ba18 000000010eef80c8
0x0000700007cd0eb0:   0000000400010002 00007ff7b4e01f70
0x0000700007cd0ec0:   0000000000000000 0000700007cd1000
0x0000700007cd0ed0:   000000010dbd826d 0000000000001c03
0x0000700007cd0ee0:   00000000180008ff 0000700007ac6ce0
0x0000700007cd0ef0:   0000700007cd0f10 00007fffab38393b
0x0000700007cd0f00:   0000000000001c00 0000700007cd1000
0x0000700007cd0f10:   0000700007cd0f50 00007fffab383887
0x0000700007cd0f20:   0000000000000000 0000000000000000 

Instructions: (pc=0x000000010e9e191a)
0x000000010e9e18fa:   89 e7 4c 89 fe 4c 89 f2 90 0f 1f 40 00 41 f6 c7
0x000000010e9e190a:   01 74 0d 4c 89 ff e8 27 b6 02 00 49 89 c7 eb 03
0x000000010e9e191a:   4d 8b 3f 4c 89 b5 78 ff ff ff 48 8d 05 ad e0 54
0x000000010e9e192a:   00 48 8d 0d e6 db 54 00 80 39 00 48 63 00 74 1e 


---------------  P R O C E S S  ---------------

Java Threads: ( => current thread )
  0x00007ff7b5083800 JavaThread "Service Thread" daemon [_thread_blocked, id=24579, stack(0x0000700009193000,0x0000700009293000)]
  0x00007ff7b6833800 JavaThread "Common-Cleaner" daemon [_thread_blocked, id=24067, stack(0x0000700009090000,0x0000700009190000)]
  0x00007ff7b6044000 JavaThread "Sweeper thread" daemon [_thread_blocked, id=23555, stack(0x0000700008f8d000,0x000070000908d000)]
  0x00007ff7b50e9000 JavaThread "C1 CompilerThread2" daemon [_thread_blocked, id=23043, stack(0x0000700008e8a000,0x0000700008f8a000)]
  0x00007ff7b5832800 JavaThread "C2 CompilerThread1" daemon [_thread_blocked, id=22531, stack(0x0000700008d87000,0x0000700008e87000)]
  0x00007ff7b5832000 JavaThread "C2 CompilerThread0" daemon [_thread_blocked, id=22019, stack(0x0000700008c84000,0x0000700008d84000)]
  0x00007ff7b5826800 JavaThread "Signal Dispatcher" daemon [_thread_blocked, id=21507, stack(0x0000700008b81000,0x0000700008c81000)]
  0x00007ff7b5824800 JavaThread "Finalizer" daemon [_thread_blocked, id=17411, stack(0x00007000089fb000,0x0000700008afb000)]
  0x00007ff7b581e000 JavaThread "Reference Handler" daemon [_thread_blocked, id=16899, stack(0x00007000088f8000,0x00007000089f8000)]
=>0x00007ff7b680b800 JavaThread "main" [_thread_in_vm, id=7171, stack(0x0000700007bd1000,0x0000700007cd1000)]

Other Threads:
  0x00007ff7b581b800 VMThread "VM Thread" [stack: 0x00007000087f5000,0x00007000088f5000] [id=16387]
  0x00007ff7b6892000 WatcherThread [stack: 0x0000700009296000,0x0000700009396000] [id=25091]
  0x00007ff7b580c000 GCTaskThread "GC Thread#0" [stack: 0x0000700007cd4000,0x0000700007dd4000] [id=10243]
  0x00007ff7b580c800 GCTaskThread "GC Thread#1" [stack: 0x0000700007dd7000,0x0000700007ed7000] [id=10755]
  0x00007ff7b5000800 GCTaskThread "GC Thread#2" [stack: 0x0000700007eda000,0x0000700007fda000] [id=11267]
  0x00007ff7b5008800 GCTaskThread "GC Thread#3" [stack: 0x0000700007fdd000,0x00007000080dd000] [id=11779]
  0x00007ff7b5030800 ConcurrentGCThread "G1 Main Marker" [stack: 0x00007000085ef000,0x00007000086ef000] [id=14851]
  0x00007ff7b5031800 ConcurrentGCThread "G1 Marker#0" [stack: 0x00007000086f2000,0x00007000087f2000] [id=15875]
  0x00007ff7b500b800 ConcurrentGCThread "G1 Refine#0" [stack: 0x00007000083e9000,0x00007000084e9000] [id=13827]
  0x00007ff7b500a800 ConcurrentGCThread "G1 Refine#1" [stack: 0x00007000082e6000,0x00007000083e6000] [id=13315]
  0x00007ff7b500a000 ConcurrentGCThread "G1 Refine#2" [stack: 0x00007000081e3000,0x00007000082e3000] [id=12803]
  0x00007ff7b5009000 ConcurrentGCThread "G1 Refine#3" [stack: 0x00007000080e0000,0x00007000081e0000] [id=12291]
  0x00007ff7b500c000 ConcurrentGCThread "G1 Young RemSet Sampling" [stack: 0x00007000084ec000,0x00007000085ec000] [id=14339]

Threads with active compile tasks:

VM state:not at safepoint (normal execution)

VM Mutex/Monitor currently owned by a thread: None

Heap address: 0x0000000740000000, size: 2048 MB, Compressed Oops mode: Zero based, Oop shift amount: 3
Narrow klass base: 0x0000000000000000, Narrow klass shift: 3
Compressed class space size: 1073741824 Address: 0x00000007c0000000

Heap:
 garbage-first heap   total 131072K, used 5120K [0x0000000740000000, 0x0000000740100400, 0x00000007c0000000)
  region size 1024K, 6 young (6144K), 0 survivors (0K)
 Metaspace       used 6270K, capacity 6374K, committed 6528K, reserved 1056768K
  class space    used 531K, capacity 570K, committed 640K, reserved 1048576K
Heap Regions: E=young(eden), S=young(survivor), O=old, HS=humongous(starts), HC=humongous(continues), CS=collection set, F=free, A=archive, TS=gc time stamp, AC=allocation context, TAMS=top-at-mark-start (previous, next)
|   0|0x0000000740000000, 0x0000000740000000, 0x0000000740100000|  0%| F|  |TS  0|AC  0|TAMS 0x0000000740000000, 0x0000000740000000|
|   1|0x0000000740100000, 0x0000000740100000, 0x0000000740200000|  0%| F|  |TS  0|AC  0|TAMS 0x0000000740100000, 0x0000000740100000|
|   2|0x0000000740200000, 0x0000000740200000, 0x0000000740300000|  0%| F|  |TS  0|AC  0|TAMS 0x0000000740200000, 0x0000000740200000|
|   3|0x0000000740300000, 0x0000000740300000, 0x0000000740400000|  0%| F|  |TS  0|AC  0|TAMS 0x0000000740300000, 0x0000000740300000|
|   4|0x0000000740400000, 0x0000000740400000, 0x0000000740500000|  0%| F|  |TS  0|AC  0|TAMS 0x0000000740400000, 0x0000000740400000|
|   5|0x0000000740500000, 0x0000000740500000, 0x0000000740600000|  0%| F|  |TS  0|AC  0|TAMS 0x0000000740500000, 0x0000000740500000|
|   6|0x0000000740600000, 0x0000000740600000, 0x0000000740700000|  0%| F|  |TS  0|AC  0|TAMS 0x0000000740600000, 0x0000000740600000|
|   7|0x0000000740700000, 0x0000000740700000, 0x0000000740800000|  0%| F|  |TS  0|AC  0|TAMS 0x0000000740700000, 0x0000000740700000|
|   8|0x0000000740800000, 0x0000000740800000, 0x0000000740900000|  0%| F|  |TS  0|AC  0|TAMS 0x0000000740800000, 0x0000000740800000|
|   9|0x0000000740900000, 0x0000000740900000, 0x0000000740a00000|  0%| F|  |TS  0|AC  0|TAMS 0x0000000740900000, 0x0000000740900000|
|  10|0x0000000740a00000, 0x0000000740a00000, 0x0000000740b00000|  0%| F|  |TS  0|AC  0|TAMS 0x0000000740a00000, 0x0000000740a00000|
|  11|0x0000000740b00000, 0x0000000740b00000, 0x0000000740c00000|  0%| F|  |TS  0|AC  0|TAMS 0x0000000740b00000, 0x0000000740b00000|
|  12|0x0000000740c00000, 0x0000000740c00000, 0x0000000740d00000|  0%| F|  |TS  0|AC  0|TAMS 0x0000000740c00000, 0x0000000740c00000|
|  13|0x0000000740d00000, 0x0000000740d00000, 0x0000000740e00000|  0%| F|  |TS  0|AC  0|TAMS 0x0000000740d00000, 0x0000000740d00000|
|  14|0x0000000740e00000, 0x0000000740e00000, 0x0000000740f00000|  0%| F|  |TS  0|AC  0|TAMS 0x0000000740e00000, 0x0000000740e00000|
|  15|0x0000000740f00000, 0x0000000740f00000, 0x0000000741000000|  0%| F|  |TS  0|AC  0|TAMS 0x0000000740f00000, 0x0000000740f00000|
|  16|0x0000000741000000, 0x0000000741000000, 0x0000000741100000|  0%| F|  |TS  0|AC  0|TAMS 0x0000000741000000, 0x0000000741000000|
|  17|0x0000000741100000, 0x0000000741100000, 0x0000000741200000|  0%| F|  |TS  0|AC  0|TAMS 0x0000000741100000, 0x0000000741100000|
|  18|0x0000000741200000, 0x0000000741200000, 0x0000000741300000|  0%| F|  |TS  0|AC  0|TAMS 0x0000000741200000, 0x0000000741200000|
|  19|0x0000000741300000, 0x0000000741300000, 0x0000000741400000|  0%| F|  |TS  0|AC  0|TAMS 0x0000000741300000, 0x0000000741300000|
|  20|0x0000000741400000, 0x0000000741400000, 0x0000000741500000|  0%| F|  |TS  0|AC  0|TAMS 0x0000000741400000, 0x0000000741400000|
|  21|0x0000000741500000, 0x0000000741500000, 0x0000000741600000|  0%| F|  |TS  0|AC  0|TAMS 0x0000000741500000, 0x0000000741500000|
|  22|0x0000000741600000, 0x0000000741600000, 0x0000000741700000|  0%| F|  |TS  0|AC  0|TAMS 0x0000000741600000, 0x0000000741600000|
|  23|0x0000000741700000, 0x0000000741700000, 0x0000000741800000|  0%| F|  |TS  0|AC  0|TAMS 0x0000000741700000, 0x0000000741700000|
|  24|0x0000000741800000, 0x0000000741800000, 0x0000000741900000|  0%| F|  |TS  0|AC  0|TAMS 0x0000000741800000, 0x0000000741800000|
|  25|0x0000000741900000, 0x0000000741900000, 0x0000000741a00000|  0%| F|  |TS  0|AC  0|TAMS 0x0000000741900000, 0x0000000741900000|
|  26|0x0000000741a00000, 0x0000000741a00000, 0x0000000741b00000|  0%| F|  |TS  0|AC  0|TAMS 0x0000000741a00000, 0x0000000741a00000|
|  27|0x0000000741b00000, 0x0000000741b00000, 0x0000000741c00000|  0%| F|  |TS  0|AC  0|TAMS 0x0000000741b00000, 0x0000000741b00000|
|  28|0x0000000741c00000, 0x0000000741c00000, 0x0000000741d00000|  0%| F|  |TS  0|AC  0|TAMS 0x0000000741c00000, 0x0000000741c00000|
|  29|0x0000000741d00000, 0x0000000741d00000, 0x0000000741e00000|  0%| F|  |TS  0|AC  0|TAMS 0x0000000741d00000, 0x0000000741d00000|
|  30|0x0000000741e00000, 0x0000000741e00000, 0x0000000741f00000|  0%| F|  |TS  0|AC  0|TAMS 0x0000000741e00000, 0x0000000741e00000|
|  31|0x0000000741f00000, 0x0000000741f00000, 0x0000000742000000|  0%| F|  |TS  0|AC  0|TAMS 0x0000000741f00000, 0x0000000741f00000|
|  32|0x0000000742000000, 0x0000000742000000, 0x0000000742100000|  0%| F|  |TS  0|AC  0|TAMS 0x0000000742000000, 0x0000000742000000|
|  33|0x0000000742100000, 0x0000000742100000, 0x0000000742200000|  0%| F|  |TS  0|AC  0|TAMS 0x0000000742100000, 0x0000000742100000|
|  34|0x0000000742200000, 0x0000000742200000, 0x0000000742300000|  0%| F|  |TS  0|AC  0|TAMS 0x0000000742200000, 0x0000000742200000|
|  35|0x0000000742300000, 0x0000000742300000, 0x0000000742400000|  0%| F|  |TS  0|AC  0|TAMS 0x0000000742300000, 0x0000000742300000|
|  36|0x0000000742400000, 0x0000000742400000, 0x0000000742500000|  0%| F|  |TS  0|AC  0|TAMS 0x0000000742400000, 0x0000000742400000|
|  37|0x0000000742500000, 0x0000000742500000, 0x0000000742600000|  0%| F|  |TS  0|AC  0|TAMS 0x0000000742500000, 0x0000000742500000|
|  38|0x0000000742600000, 0x0000000742600000, 0x0000000742700000|  0%| F|  |TS  0|AC  0|TAMS 0x0000000742600000, 0x0000000742600000|
|  39|0x0000000742700000, 0x0000000742700000, 0x0000000742800000|  0%| F|  |TS  0|AC  0|TAMS 0x0000000742700000, 0x0000000742700000|
|  40|0x0000000742800000, 0x0000000742800000, 0x0000000742900000|  0%| F|  |TS  0|AC  0|TAMS 0x0000000742800000, 0x0000000742800000|
|  41|0x0000000742900000, 0x0000000742900000, 0x0000000742a00000|  0%| F|  |TS  0|AC  0|TAMS 0x0000000742900000, 0x0000000742900000|
|  42|0x0000000742a00000, 0x0000000742a00000, 0x0000000742b00000|  0%| F|  |TS  0|AC  0|TAMS 0x0000000742a00000, 0x0000000742a00000|
|  43|0x0000000742b00000, 0x0000000742b00000, 0x0000000742c00000|  0%| F|  |TS  0|AC  0|TAMS 0x0000000742b00000, 0x0000000742b00000|
|  44|0x0000000742c00000, 0x0000000742c00000, 0x0000000742d00000|  0%| F|  |TS  0|AC  0|TAMS 0x0000000742c00000, 0x0000000742c00000|
|  45|0x0000000742d00000, 0x0000000742d00000, 0x0000000742e00000|  0%| F|  |TS  0|AC  0|TAMS 0x0000000742d00000, 0x0000000742d00000|
|  46|0x0000000742e00000, 0x0000000742e00000, 0x0000000742f00000|  0%| F|  |TS  0|AC  0|TAMS 0x0000000742e00000, 0x0000000742e00000|
|  47|0x0000000742f00000, 0x0000000742f00000, 0x0000000743000000|  0%| F|  |TS  0|AC  0|TAMS 0x0000000742f00000, 0x0000000742f00000|
|  48|0x0000000743000000, 0x0000000743000000, 0x0000000743100000|  0%| F|  |TS  0|AC  0|TAMS 0x0000000743000000, 0x0000000743000000|
|  49|0x0000000743100000, 0x0000000743100000, 0x0000000743200000|  0%| F|  |TS  0|AC  0|TAMS 0x0000000743100000, 0x0000000743100000|
|  50|0x0000000743200000, 0x0000000743200000, 0x0000000743300000|  0%| F|  |TS  0|AC  0|TAMS 0x0000000743200000, 0x0000000743200000|
|  51|0x0000000743300000, 0x0000000743300000, 0x0000000743400000|  0%| F|  |TS  0|AC  0|TAMS 0x0000000743300000, 0x0000000743300000|
|  52|0x0000000743400000, 0x0000000743400000, 0x0000000743500000|  0%| F|  |TS  0|AC  0|TAMS 0x0000000743400000, 0x0000000743400000|
|  53|0x0000000743500000, 0x0000000743500000, 0x0000000743600000|  0%| F|  |TS  0|AC  0|TAMS 0x0000000743500000, 0x0000000743500000|
|  54|0x0000000743600000, 0x0000000743600000, 0x0000000743700000|  0%| F|  |TS  0|AC  0|TAMS 0x0000000743600000, 0x0000000743600000|
|  55|0x0000000743700000, 0x0000000743700000, 0x0000000743800000|  0%| F|  |TS  0|AC  0|TAMS 0x0000000743700000, 0x0000000743700000|
|  56|0x0000000743800000, 0x0000000743800000, 0x0000000743900000|  0%| F|  |TS  0|AC  0|TAMS 0x0000000743800000, 0x0000000743800000|
|  57|0x0000000743900000, 0x0000000743900000, 0x0000000743a00000|  0%| F|  |TS  0|AC  0|TAMS 0x0000000743900000, 0x0000000743900000|
|  58|0x0000000743a00000, 0x0000000743a00000, 0x0000000743b00000|  0%| F|  |TS  0|AC  0|TAMS 0x0000000743a00000, 0x0000000743a00000|
|  59|0x0000000743b00000, 0x0000000743b00000, 0x0000000743c00000|  0%| F|  |TS  0|AC  0|TAMS 0x0000000743b00000, 0x0000000743b00000|
|  60|0x0000000743c00000, 0x0000000743c00000, 0x0000000743d00000|  0%| F|  |TS  0|AC  0|TAMS 0x0000000743c00000, 0x0000000743c00000|
|  61|0x0000000743d00000, 0x0000000743d00000, 0x0000000743e00000|  0%| F|  |TS  0|AC  0|TAMS 0x0000000743d00000, 0x0000000743d00000|
|  62|0x0000000743e00000, 0x0000000743e00000, 0x0000000743f00000|  0%| F|  |TS  0|AC  0|TAMS 0x0000000743e00000, 0x0000000743e00000|
|  63|0x0000000743f00000, 0x0000000743f00000, 0x0000000744000000|  0%| F|  |TS  0|AC  0|TAMS 0x0000000743f00000, 0x0000000743f00000|
|  64|0x0000000744000000, 0x0000000744000000, 0x0000000744100000|  0%| F|  |TS  0|AC  0|TAMS 0x0000000744000000, 0x0000000744000000|
|  65|0x0000000744100000, 0x0000000744100000, 0x0000000744200000|  0%| F|  |TS  0|AC  0|TAMS 0x0000000744100000, 0x0000000744100000|
|  66|0x0000000744200000, 0x0000000744200000, 0x0000000744300000|  0%| F|  |TS  0|AC  0|TAMS 0x0000000744200000, 0x0000000744200000|
|  67|0x0000000744300000, 0x0000000744300000, 0x0000000744400000|  0%| F|  |TS  0|AC  0|TAMS 0x0000000744300000, 0x0000000744300000|
|  68|0x0000000744400000, 0x0000000744400000, 0x0000000744500000|  0%| F|  |TS  0|AC  0|TAMS 0x0000000744400000, 0x0000000744400000|
|  69|0x0000000744500000, 0x0000000744500000, 0x0000000744600000|  0%| F|  |TS  0|AC  0|TAMS 0x0000000744500000, 0x0000000744500000|
|  70|0x0000000744600000, 0x0000000744600000, 0x0000000744700000|  0%| F|  |TS  0|AC  0|TAMS 0x0000000744600000, 0x0000000744600000|
|  71|0x0000000744700000, 0x0000000744700000, 0x0000000744800000|  0%| F|  |TS  0|AC  0|TAMS 0x0000000744700000, 0x0000000744700000|
|  72|0x0000000744800000, 0x0000000744800000, 0x0000000744900000|  0%| F|  |TS  0|AC  0|TAMS 0x0000000744800000, 0x0000000744800000|
|  73|0x0000000744900000, 0x0000000744900000, 0x0000000744a00000|  0%| F|  |TS  0|AC  0|TAMS 0x0000000744900000, 0x0000000744900000|
|  74|0x0000000744a00000, 0x0000000744a00000, 0x0000000744b00000|  0%| F|  |TS  0|AC  0|TAMS 0x0000000744a00000, 0x0000000744a00000|
|  75|0x0000000744b00000, 0x0000000744b00000, 0x0000000744c00000|  0%| F|  |TS  0|AC  0|TAMS 0x0000000744b00000, 0x0000000744b00000|
|  76|0x0000000744c00000, 0x0000000744c00000, 0x0000000744d00000|  0%| F|  |TS  0|AC  0|TAMS 0x0000000744c00000, 0x0000000744c00000|
|  77|0x0000000744d00000, 0x0000000744d00000, 0x0000000744e00000|  0%| F|  |TS  0|AC  0|TAMS 0x0000000744d00000, 0x0000000744d00000|
|  78|0x0000000744e00000, 0x0000000744e00000, 0x0000000744f00000|  0%| F|  |TS  0|AC  0|TAMS 0x0000000744e00000, 0x0000000744e00000|
|  79|0x0000000744f00000, 0x0000000744f00000, 0x0000000745000000|  0%| F|  |TS  0|AC  0|TAMS 0x0000000744f00000, 0x0000000744f00000|
|  80|0x0000000745000000, 0x0000000745000000, 0x0000000745100000|  0%| F|  |TS  0|AC  0|TAMS 0x0000000745000000, 0x0000000745000000|
|  81|0x0000000745100000, 0x0000000745100000, 0x0000000745200000|  0%| F|  |TS  0|AC  0|TAMS 0x0000000745100000, 0x0000000745100000|
|  82|0x0000000745200000, 0x0000000745200000, 0x0000000745300000|  0%| F|  |TS  0|AC  0|TAMS 0x0000000745200000, 0x0000000745200000|
|  83|0x0000000745300000, 0x0000000745300000, 0x0000000745400000|  0%| F|  |TS  0|AC  0|TAMS 0x0000000745300000, 0x0000000745300000|
|  84|0x0000000745400000, 0x0000000745400000, 0x0000000745500000|  0%| F|  |TS  0|AC  0|TAMS 0x0000000745400000, 0x0000000745400000|
|  85|0x0000000745500000, 0x0000000745500000, 0x0000000745600000|  0%| F|  |TS  0|AC  0|TAMS 0x0000000745500000, 0x0000000745500000|
|  86|0x0000000745600000, 0x0000000745600000, 0x0000000745700000|  0%| F|  |TS  0|AC  0|TAMS 0x0000000745600000, 0x0000000745600000|
|  87|0x0000000745700000, 0x0000000745700000, 0x0000000745800000|  0%| F|  |TS  0|AC  0|TAMS 0x0000000745700000, 0x0000000745700000|
|  88|0x0000000745800000, 0x0000000745800000, 0x0000000745900000|  0%| F|  |TS  0|AC  0|TAMS 0x0000000745800000, 0x0000000745800000|
|  89|0x0000000745900000, 0x0000000745900000, 0x0000000745a00000|  0%| F|  |TS  0|AC  0|TAMS 0x0000000745900000, 0x0000000745900000|
|  90|0x0000000745a00000, 0x0000000745a00000, 0x0000000745b00000|  0%| F|  |TS  0|AC  0|TAMS 0x0000000745a00000, 0x0000000745a00000|
|  91|0x0000000745b00000, 0x0000000745b00000, 0x0000000745c00000|  0%| F|  |TS  0|AC  0|TAMS 0x0000000745b00000, 0x0000000745b00000|
|  92|0x0000000745c00000, 0x0000000745c00000, 0x0000000745d00000|  0%| F|  |TS  0|AC  0|TAMS 0x0000000745c00000, 0x0000000745c00000|
|  93|0x0000000745d00000, 0x0000000745d00000, 0x0000000745e00000|  0%| F|  |TS  0|AC  0|TAMS 0x0000000745d00000, 0x0000000745d00000|
|  94|0x0000000745e00000, 0x0000000745e00000, 0x0000000745f00000|  0%| F|  |TS  0|AC  0|TAMS 0x0000000745e00000, 0x0000000745e00000|
|  95|0x0000000745f00000, 0x0000000745f00000, 0x0000000746000000|  0%| F|  |TS  0|AC  0|TAMS 0x0000000745f00000, 0x0000000745f00000|
|  96|0x0000000746000000, 0x0000000746000000, 0x0000000746100000|  0%| F|  |TS  0|AC  0|TAMS 0x0000000746000000, 0x0000000746000000|
|  97|0x0000000746100000, 0x0000000746100000, 0x0000000746200000|  0%| F|  |TS  0|AC  0|TAMS 0x0000000746100000, 0x0000000746100000|
|  98|0x0000000746200000, 0x0000000746200000, 0x0000000746300000|  0%| F|  |TS  0|AC  0|TAMS 0x0000000746200000, 0x0000000746200000|
|  99|0x0000000746300000, 0x0000000746300000, 0x0000000746400000|  0%| F|  |TS  0|AC  0|TAMS 0x0000000746300000, 0x0000000746300000|
| 100|0x0000000746400000, 0x0000000746400000, 0x0000000746500000|  0%| F|  |TS  0|AC  0|TAMS 0x0000000746400000, 0x0000000746400000|
| 101|0x0000000746500000, 0x0000000746500000, 0x0000000746600000|  0%| F|  |TS  0|AC  0|TAMS 0x0000000746500000, 0x0000000746500000|
| 102|0x0000000746600000, 0x0000000746600000, 0x0000000746700000|  0%| F|  |TS  0|AC  0|TAMS 0x0000000746600000, 0x0000000746600000|
| 103|0x0000000746700000, 0x0000000746700000, 0x0000000746800000|  0%| F|  |TS  0|AC  0|TAMS 0x0000000746700000, 0x0000000746700000|
| 104|0x0000000746800000, 0x0000000746800000, 0x0000000746900000|  0%| F|  |TS  0|AC  0|TAMS 0x0000000746800000, 0x0000000746800000|
| 105|0x0000000746900000, 0x0000000746900000, 0x0000000746a00000|  0%| F|  |TS  0|AC  0|TAMS 0x0000000746900000, 0x0000000746900000|
| 106|0x0000000746a00000, 0x0000000746a00000, 0x0000000746b00000|  0%| F|  |TS  0|AC  0|TAMS 0x0000000746a00000, 0x0000000746a00000|
| 107|0x0000000746b00000, 0x0000000746b00000, 0x0000000746c00000|  0%| F|  |TS  0|AC  0|TAMS 0x0000000746b00000, 0x0000000746b00000|
| 108|0x0000000746c00000, 0x0000000746c00000, 0x0000000746d00000|  0%| F|  |TS  0|AC  0|TAMS 0x0000000746c00000, 0x0000000746c00000|
| 109|0x0000000746d00000, 0x0000000746d00000, 0x0000000746e00000|  0%| F|  |TS  0|AC  0|TAMS 0x0000000746d00000, 0x0000000746d00000|
| 110|0x0000000746e00000, 0x0000000746e00000, 0x0000000746f00000|  0%| F|  |TS  0|AC  0|TAMS 0x0000000746e00000, 0x0000000746e00000|
| 111|0x0000000746f00000, 0x0000000746f00000, 0x0000000747000000|  0%| F|  |TS  0|AC  0|TAMS 0x0000000746f00000, 0x0000000746f00000|
| 112|0x0000000747000000, 0x0000000747000000, 0x0000000747100000|  0%| F|  |TS  0|AC  0|TAMS 0x0000000747000000, 0x0000000747000000|
| 113|0x0000000747100000, 0x0000000747100000, 0x0000000747200000|  0%| F|  |TS  0|AC  0|TAMS 0x0000000747100000, 0x0000000747100000|
| 114|0x0000000747200000, 0x0000000747200000, 0x0000000747300000|  0%| F|  |TS  0|AC  0|TAMS 0x0000000747200000, 0x0000000747200000|
| 115|0x0000000747300000, 0x0000000747300000, 0x0000000747400000|  0%| F|  |TS  0|AC  0|TAMS 0x0000000747300000, 0x0000000747300000|
| 116|0x0000000747400000, 0x0000000747400000, 0x0000000747500000|  0%| F|  |TS  0|AC  0|TAMS 0x0000000747400000, 0x0000000747400000|
| 117|0x0000000747500000, 0x0000000747500000, 0x0000000747600000|  0%| F|  |TS  0|AC  0|TAMS 0x0000000747500000, 0x0000000747500000|
| 118|0x0000000747600000, 0x0000000747600000, 0x0000000747700000|  0%| F|  |TS  0|AC  0|TAMS 0x0000000747600000, 0x0000000747600000|
| 119|0x0000000747700000, 0x0000000747700000, 0x0000000747800000|  0%| F|  |TS  0|AC  0|TAMS 0x0000000747700000, 0x0000000747700000|
| 120|0x0000000747800000, 0x0000000747800000, 0x0000000747900000|  0%| F|  |TS  0|AC  0|TAMS 0x0000000747800000, 0x0000000747800000|
| 121|0x0000000747900000, 0x0000000747900000, 0x0000000747a00000|  0%| F|  |TS  0|AC  0|TAMS 0x0000000747900000, 0x0000000747900000|
| 122|0x0000000747a00000, 0x0000000747a066f8, 0x0000000747b00000|  2%| E|  |TS  0|AC  0|TAMS 0x0000000747a00000, 0x0000000747a00000|
| 123|0x0000000747b00000, 0x0000000747c00000, 0x0000000747c00000|100%| E|CS|TS  0|AC  0|TAMS 0x0000000747b00000, 0x0000000747b00000|
| 124|0x0000000747c00000, 0x0000000747d00000, 0x0000000747d00000|100%| E|CS|TS  0|AC  0|TAMS 0x0000000747c00000, 0x0000000747c00000|
| 125|0x0000000747d00000, 0x0000000747e00000, 0x0000000747e00000|100%| E|CS|TS  0|AC  0|TAMS 0x0000000747d00000, 0x0000000747d00000|
| 126|0x0000000747e00000, 0x0000000747f00000, 0x0000000747f00000|100%| E|CS|TS  0|AC  0|TAMS 0x0000000747e00000, 0x0000000747e00000|
| 127|0x0000000747f00000, 0x0000000748000000, 0x0000000748000000|100%| E|CS|TS  0|AC  0|TAMS 0x0000000747f00000, 0x0000000747f00000|

Card table byte_map: [0x000000010ff8d000,0x000000011038d000] byte_map_base: 0x000000010c58d000

Marking Bits (Prev, Next): (CMBitMap*) 0x00007ff7b5030070, (CMBitMap*) 0x00007ff7b50300a8
 Prev Bits: [0x000000011078d000, 0x000000011278d000)
 Next Bits: [0x000000012d7f1000, 0x000000012f7f1000)

Polling page: 0x000000010dc8d000

CodeHeap 'non-profiled nmethods': size=120032Kb used=99Kb max_used=99Kb free=119932Kb
 bounds [0x00000001262b9000, 0x0000000126529000, 0x000000012d7f1000]
CodeHeap 'profiled nmethods': size=120032Kb used=465Kb max_used=465Kb free=119566Kb
 bounds [0x000000011ed81000, 0x000000011eff1000, 0x00000001262b9000]
CodeHeap 'non-nmethods': size=5696Kb used=1175Kb max_used=1186Kb free=4521Kb
 bounds [0x000000011e7f1000, 0x000000011ea61000, 0x000000011ed81000]
 total_blobs=767 nmethods=335 adapters=234
 compilation: enabled

Compilation events (10 events):
Event: 0.241 Thread 0x00007ff7b5832000 nmethod 327% 0x00000001262d0a10 code [0x00000001262d0ba0, 0x00000001262d0df8]
Event: 0.243 Thread 0x00007ff7b5832000  331       4       sun.nio.cs.UTF_8$Encoder::encode (359 bytes)
Event: 0.243 Thread 0x00007ff7b50e9000  332       3       java.lang.CharacterDataLatin1::toUpperCase (53 bytes)
Event: 0.243 Thread 0x00007ff7b50e9000 nmethod 332 0x000000011edf3610 code [0x000000011edf37e0, 0x000000011edf3ab0]
Event: 0.243 Thread 0x00007ff7b50e9000  333       3       java.util.zip.ZipFile$Source::getEntryPos (206 bytes)
Event: 0.244 Thread 0x00007ff7b50e9000 nmethod 333 0x000000011edf3c10 code [0x000000011edf3e80, 0x000000011edf4b38]
Event: 0.244 Thread 0x00007ff7b50e9000  334       3       java.util.zip.ZipFile$Source::hash_append (7 bytes)
Event: 0.244 Thread 0x00007ff7b50e9000 nmethod 334 0x000000011edf5110 code [0x000000011edf52c0, 0x000000011edf53f0]
Event: 0.245 Thread 0x00007ff7b5832800 nmethod 330 0x00000001262d0f10 code [0x00000001262d10a0, 0x00000001262d12d8]
Event: 0.245 Thread 0x00007ff7b5832800  335       4       java.util.zip.ZipUtils::LG (22 bytes)

GC Heap History (0 events):
No events

Deoptimization events (2 events):
Event: 0.123 Thread 0x00007ff7b680b800 Uncommon trap: reason=range_check action=reinterpret pc=0x00000001262bd2d0 method=java.lang.StringLatin1.indexOf([BII)I @ 13 c2
Event: 0.135 Thread 0x00007ff7b680b800 Uncommon trap: reason=unstable_if action=reinterpret pc=0x00000001262be01c method=java.lang.StringLatin1.indexOf([BII)I @ 23 c2

Classes redefined (0 events):
No events

Internal exceptions (0 events):
No events

Events (10 events):
Event: 0.243 loading class org/apache/catalina/Wrapper
Event: 0.243 loading class org/apache/catalina/Wrapper done
Event: 0.243 loading class java/lang/PublicMethods$Key
Event: 0.243 loading class java/lang/PublicMethods$Key done
Event: 0.243 loading class org/apache/catalina/startup/Tomcat
Event: 0.243 loading class org/apache/catalina/startup/Tomcat done
Event: 0.243 Thread 0x00007ff7b680b800 DEOPT PACKING pc=0x000000011eddbc1a sp=0x0000700007ccfbd0
Event: 0.243 Thread 0x00007ff7b680b800 DEOPT UNPACKING pc=0x000000011e83eaab sp=0x0000700007ccf048 mode 0
Event: 0.245 loading class java/lang/Class$EnclosingMethodInfo
Event: 0.245 loading class java/lang/Class$EnclosingMethodInfo done


Dynamic libraries:
0x00007fff953c5000 	/System/Library/Frameworks/Cocoa.framework/Versions/A/Cocoa
0x00007fff9bc68000 	/System/Library/Frameworks/Security.framework/Versions/A/Security
0x00007fff94280000 	/System/Library/Frameworks/ApplicationServices.framework/Versions/A/ApplicationServices
0x00007fffab06e000 	/usr/lib/libz.1.dylib
0x00007fffa9bc0000 	/usr/lib/libSystem.B.dylib
0x00007fff9595b000 	/System/Library/Frameworks/CoreFoundation.framework/Versions/A/CoreFoundation
0x00007fff973d3000 	/System/Library/Frameworks/Foundation.framework/Versions/C/Foundation
0x00007fffaa86f000 	/usr/lib/libobjc.A.dylib
0x00007fff93495000 	/System/Library/Frameworks/AppKit.framework/Versions/C/AppKit
0x00007fff955b1000 	/System/Library/Frameworks/CoreData.framework/Versions/A/CoreData
0x00007fffa6645000 	/System/Library/PrivateFrameworks/RemoteViewServices.framework/Versions/A/RemoteViewServices
0x00007fffa8630000 	/System/Library/PrivateFrameworks/UIFoundation.framework/Versions/A/UIFoundation
0x00007fffa19eb000 	/System/Library/PrivateFrameworks/DFRFoundation.framework/Versions/A/DFRFoundation
0x00007fffaa1b2000 	/usr/lib/libenergytrace.dylib
0x00007fffa7472000 	/System/Library/PrivateFrameworks/SkyLight.framework/Versions/A/SkyLight
0x00007fff95df5000 	/System/Library/Frameworks/CoreGraphics.framework/Versions/A/CoreGraphics
0x00007fffa9bbb000 	/usr/lib/libScreenReader.dylib
0x00007fff924b7000 	/System/Library/Frameworks/Accelerate.framework/Versions/A/Accelerate
0x00007fff979d1000 	/System/Library/Frameworks/IOSurface.framework/Versions/A/IOSurface
0x00007fff947a3000 	/System/Library/Frameworks/AudioToolbox.framework/Versions/A/AudioToolbox
0x00007fff949b0000 	/System/Library/Frameworks/AudioUnit.framework/Versions/A/AudioUnit
0x00007fffa1a30000 	/System/Library/PrivateFrameworks/DataDetectorsCore.framework/Versions/A/DataDetectorsCore
0x00007fffa1b21000 	/System/Library/PrivateFrameworks/DesktopServicesPriv.framework/Versions/A/DesktopServicesPriv
0x00007fff94f12000 	/System/Library/Frameworks/Carbon.framework/Versions/A/Frameworks/HIToolbox.framework/Versions/A/HIToolbox
0x00007fffaa2bb000 	/usr/lib/libicucore.A.dylib
0x00007fff9b500000 	/System/Library/Frameworks/QuartzCore.framework/Versions/A/QuartzCore
0x00007fff952de000 	/System/Library/Frameworks/Carbon.framework/Versions/A/Frameworks/SpeechRecognition.framework/Versions/A/SpeechRecognition
0x00007fffa9cd9000 	/usr/lib/libauto.dylib
0x00007fffaaf54000 	/usr/lib/libxml2.2.dylib
0x00007fffa16a5000 	/System/Library/PrivateFrameworks/CoreUI.framework/Versions/A/CoreUI
0x00007fff9550f000 	/System/Library/Frameworks/CoreAudio.framework/Versions/A/CoreAudio
0x00007fff9723c000 	/System/Library/Frameworks/DiskArbitration.framework/Versions/A/DiskArbitration
0x00007fffaa4e6000 	/usr/lib/liblangid.dylib
0x00007fffa552c000 	/System/Library/PrivateFrameworks/MultitouchSupport.framework/Versions/A/MultitouchSupport
0x00007fff9793a000 	/System/Library/Frameworks/IOKit.framework/Versions/A/IOKit
0x00007fffa9981000 	/usr/lib/libDiagnosticMessagesClient.dylib
0x00007fff96820000 	/System/Library/Frameworks/CoreServices.framework/Versions/A/CoreServices
0x00007fffa5ee9000 	/System/Library/PrivateFrameworks/PerformanceAnalysis.framework/Versions/A/PerformanceAnalysis
0x00007fffa3973000 	/System/Library/PrivateFrameworks/GenerationalStorage.framework/Versions/A/GenerationalStorage
0x00007fff9a9a0000 	/System/Library/Frameworks/OpenGL.framework/Versions/A/OpenGL
0x00007fff96478000 	/System/Library/Frameworks/CoreImage.framework/Versions/A/CoreImage
0x00007fff96f49000 	/System/Library/Frameworks/CoreText.framework/Versions/A/CoreText
0x00007fff97a2a000 	/System/Library/Frameworks/ImageIO.framework/Versions/A/ImageIO
0x00007fff9f262000 	/System/Library/PrivateFrameworks/Backup.framework/Versions/A/Backup
0x00007fffa9c2d000 	/usr/lib/libarchive.2.dylib
0x00007fff94b19000 	/System/Library/Frameworks/CFNetwork.framework/Versions/A/CFNetwork
0x00007fff9c395000 	/System/Library/Frameworks/SystemConfiguration.framework/Versions/A/SystemConfiguration
0x00007fffa98c8000 	/usr/lib/libCRFSuite.dylib
0x00007fffa9cfa000 	/usr/lib/libc++.1.dylib
0x00007fffa9d51000 	/usr/lib/libc++abi.dylib
0x00007fffab08e000 	/usr/lib/system/libcache.dylib
0x00007fffab093000 	/usr/lib/system/libcommonCrypto.dylib
0x00007fffab09e000 	/usr/lib/system/libcompiler_rt.dylib
0x00007fffab0a6000 	/usr/lib/system/libcopyfile.dylib
0x00007fffab0af000 	/usr/lib/system/libcorecrypto.dylib
0x00007fffab133000 	/usr/lib/system/libdispatch.dylib
0x00007fffab165000 	/usr/lib/system/libdyld.dylib
0x00007fffab16b000 	/usr/lib/system/libkeymgr.dylib
0x00007fffab179000 	/usr/lib/system/liblaunch.dylib
0x00007fffab17a000 	/usr/lib/system/libmacho.dylib
0x00007fffab180000 	/usr/lib/system/libquarantine.dylib
0x00007fffab183000 	/usr/lib/system/libremovefile.dylib
0x00007fffab185000 	/usr/lib/system/libsystem_asl.dylib
0x00007fffab19e000 	/usr/lib/system/libsystem_blocks.dylib
0x00007fffab19f000 	/usr/lib/system/libsystem_c.dylib
0x00007fffab22d000 	/usr/lib/system/libsystem_configuration.dylib
0x00007fffab231000 	/usr/lib/system/libsystem_coreservices.dylib
0x00007fffab235000 	/usr/lib/system/libsystem_coretls.dylib
0x00007fffab24e000 	/usr/lib/system/libsystem_dnssd.dylib
0x00007fffab255000 	/usr/lib/system/libsystem_info.dylib
0x00007fffab27f000 	/usr/lib/system/libsystem_kernel.dylib
0x00007fffab2a2000 	/usr/lib/system/libsystem_m.dylib
0x00007fffab2ea000 	/usr/lib/system/libsystem_malloc.dylib
0x00007fffab309000 	/usr/lib/system/libsystem_network.dylib
0x00007fffab363000 	/usr/lib/system/libsystem_networkextension.dylib
0x00007fffab36d000 	/usr/lib/system/libsystem_notify.dylib
0x00007fffab377000 	/usr/lib/system/libsystem_platform.dylib
0x00007fffab380000 	/usr/lib/system/libsystem_pthread.dylib
0x00007fffab38b000 	/usr/lib/system/libsystem_sandbox.dylib
0x00007fffab38f000 	/usr/lib/system/libsystem_secinit.dylib
0x00007fffab391000 	/usr/lib/system/libsystem_symptoms.dylib
0x00007fffab399000 	/usr/lib/system/libsystem_trace.dylib
0x00007fffab3ad000 	/usr/lib/system/libunwind.dylib
0x00007fffab3b3000 	/usr/lib/system/libxpc.dylib
0x00007fffa9cda000 	/usr/lib/libbsm.0.dylib
0x00007fffab16c000 	/usr/lib/system/libkxld.dylib
0x00007fffa9da3000 	/usr/lib/libcoretls.dylib
0x00007fffa9da4000 	/usr/lib/libcoretls_cfhelpers.dylib
0x00007fffa9bba000 	/usr/lib/libOpenScriptingUtil.dylib
0x00007fffaac44000 	/usr/lib/libpam.2.dylib
0x00007fffaad03000 	/usr/lib/libsqlite3.dylib
0x00007fffaaf46000 	/usr/lib/libxar.1.dylib
0x00007fffa9ceb000 	/usr/lib/libbz2.1.0.dylib
0x00007fffaa4e8000 	/usr/lib/liblzma.5.dylib
0x00007fffaa7f4000 	/usr/lib/libnetwork.dylib
0x00007fffaac49000 	/usr/lib/libpcap.A.dylib
0x00007fff96b83000 	/System/Library/Frameworks/CoreServices.framework/Versions/A/Frameworks/FSEvents.framework/Versions/A/FSEvents
0x00007fff96873000 	/System/Library/Frameworks/CoreServices.framework/Versions/A/Frameworks/CarbonCore.framework/Versions/A/CarbonCore
0x00007fff96cf9000 	/System/Library/Frameworks/CoreServices.framework/Versions/A/Frameworks/Metadata.framework/Versions/A/Metadata
0x00007fff96daa000 	/System/Library/Frameworks/CoreServices.framework/Versions/A/Frameworks/OSServices.framework/Versions/A/OSServices
0x00007fff96e0a000 	/System/Library/Frameworks/CoreServices.framework/Versions/A/Frameworks/SearchKit.framework/Versions/A/SearchKit
0x00007fff96821000 	/System/Library/Frameworks/CoreServices.framework/Versions/A/Frameworks/AE.framework/Versions/A/AE
0x00007fff96b8c000 	/System/Library/Frameworks/CoreServices.framework/Versions/A/Frameworks/LaunchServices.framework/Versions/A/LaunchServices
0x00007fff96b4f000 	/System/Library/Frameworks/CoreServices.framework/Versions/A/Frameworks/DictionaryServices.framework/Versions/A/DictionaryServices
0x00007fff96e7b000 	/System/Library/Frameworks/CoreServices.framework/Versions/A/Frameworks/SharedFileList.framework/Versions/A/SharedFileList
0x00007fff99bc4000 	/System/Library/Frameworks/NetFS.framework/Versions/A/NetFS
0x00007fffa5606000 	/System/Library/PrivateFrameworks/NetAuth.framework/Versions/A/NetAuth
0x00007fffa9871000 	/System/Library/PrivateFrameworks/login.framework/Versions/A/Frameworks/loginsupport.framework/Versions/A/loginsupport
0x00007fffa8462000 	/System/Library/PrivateFrameworks/TCC.framework/Versions/A/TCC
0x00007fffaa519000 	/usr/lib/libmecabra.dylib
0x00007fff94281000 	/System/Library/Frameworks/ApplicationServices.framework/Versions/A/Frameworks/ATS.framework/Versions/A/ATS
0x00007fff94600000 	/System/Library/Frameworks/ApplicationServices.framework/Versions/A/Frameworks/ColorSync.framework/Versions/A/ColorSync
0x00007fff946ab000 	/System/Library/Frameworks/ApplicationServices.framework/Versions/A/Frameworks/HIServices.framework/Versions/A/HIServices
0x00007fff946fd000 	/System/Library/Frameworks/ApplicationServices.framework/Versions/A/Frameworks/LangAnalysis.framework/Versions/A/LangAnalysis
0x00007fff9470d000 	/System/Library/Frameworks/ApplicationServices.framework/Versions/A/Frameworks/PrintCore.framework/Versions/A/PrintCore
0x00007fff9475b000 	/System/Library/Frameworks/ApplicationServices.framework/Versions/A/Frameworks/QD.framework/Versions/A/QD
0x00007fff94797000 	/System/Library/Frameworks/ApplicationServices.framework/Versions/A/Frameworks/SpeechSynthesis.framework/Versions/A/SpeechSynthesis
0x00007fff924d0000 	/System/Library/Frameworks/Accelerate.framework/Versions/A/Frameworks/vImage.framework/Versions/A/vImage
0x00007fff931d6000 	/System/Library/Frameworks/Accelerate.framework/Versions/A/Frameworks/vecLib.framework/Versions/A/vecLib
0x00007fff92f9b000 	/System/Library/Frameworks/Accelerate.framework/Versions/A/Frameworks/vecLib.framework/Versions/A/libvDSP.dylib
0x00007fff92b5c000 	/System/Library/Frameworks/Accelerate.framework/Versions/A/Frameworks/vecLib.framework/Versions/A/libBNNS.dylib
0x00007fff92f7f000 	/System/Library/Frameworks/Accelerate.framework/Versions/A/Frameworks/vecLib.framework/Versions/A/libQuadrature.dylib
0x00007fff93123000 	/System/Library/Frameworks/Accelerate.framework/Versions/A/Frameworks/vecLib.framework/Versions/A/libvMisc.dylib
0x00007fff92b71000 	/System/Library/Frameworks/Accelerate.framework/Versions/A/Frameworks/vecLib.framework/Versions/A/libLAPACK.dylib
0x00007fff929ea000 	/System/Library/Frameworks/Accelerate.framework/Versions/A/Frameworks/vecLib.framework/Versions/A/libBLAS.dylib
0x00007fff92f68000 	/System/Library/Frameworks/Accelerate.framework/Versions/A/Frameworks/vecLib.framework/Versions/A/libLinearAlgebra.dylib
0x00007fff92f86000 	/System/Library/Frameworks/Accelerate.framework/Versions/A/Frameworks/vecLib.framework/Versions/A/libSparseBLAS.dylib
0x00007fff94389000 	/System/Library/Frameworks/ApplicationServices.framework/Versions/A/Frameworks/ATS.framework/Versions/A/Resources/libFontParser.dylib
0x00007fff944b9000 	/System/Library/Frameworks/ApplicationServices.framework/Versions/A/Frameworks/ATS.framework/Versions/A/Resources/libFontRegistry.dylib
0x00007fff97c81000 	/System/Library/Frameworks/ImageIO.framework/Versions/A/Resources/libJPEG.dylib
0x00007fff97cd0000 	/System/Library/Frameworks/ImageIO.framework/Versions/A/Resources/libTIFF.dylib
0x00007fff97ca5000 	/System/Library/Frameworks/ImageIO.framework/Versions/A/Resources/libPng.dylib
0x00007fff97b8b000 	/System/Library/Frameworks/ImageIO.framework/Versions/A/Resources/libGIF.dylib
0x00007fff97b90000 	/System/Library/Frameworks/ImageIO.framework/Versions/A/Resources/libJP2.dylib
0x00007fff97ccd000 	/System/Library/Frameworks/ImageIO.framework/Versions/A/Resources/libRadiance.dylib
0x00007fffa9d8c000 	/usr/lib/libcompression.dylib
0x00007fff9eda4000 	/System/Library/PrivateFrameworks/AppleJPEG.framework/Versions/A/AppleJPEG
0x00007fffaa0e2000 	/usr/lib/libcups.2.dylib
0x00007fff98a87000 	/System/Library/Frameworks/Kerberos.framework/Versions/A/Kerberos
0x00007fff977a5000 	/System/Library/Frameworks/GSS.framework/Versions/A/GSS
0x00007fffaac97000 	/usr/lib/libresolv.9.dylib
0x00007fffaa1c8000 	/usr/lib/libiconv.2.dylib
0x00007fffa40a0000 	/System/Library/PrivateFrameworks/Heimdal.framework/Versions/A/Heimdal
0x00007fffaa1c2000 	/usr/lib/libheimdal-asn1.dylib
0x00007fff99e15000 	/System/Library/Frameworks/OpenDirectory.framework/Versions/A/OpenDirectory
0x00007fffa08b7000 	/System/Library/PrivateFrameworks/CommonAuth.framework/Versions/A/CommonAuth
0x00007fff99dfb000 	/System/Library/Frameworks/OpenDirectory.framework/Versions/A/Frameworks/CFOpenDirectory.framework/Versions/A/CFOpenDirectory
0x00007fff9bf6b000 	/System/Library/Frameworks/SecurityFoundation.framework/Versions/A/SecurityFoundation
0x00007fffa4858000 	/System/Library/PrivateFrameworks/LanguageModeling.framework/Versions/A/LanguageModeling
0x00007fffaa502000 	/usr/lib/libmarisa.dylib
0x00007fffa98e4000 	/usr/lib/libChineseTokenizer.dylib
0x00007fffa9d7b000 	/usr/lib/libcmph.dylib
0x00007fffa1009000 	/System/Library/PrivateFrameworks/CoreEmoji.framework/Versions/A/CoreEmoji
0x00007fff9c00b000 	/System/Library/Frameworks/ServiceManagement.framework/Versions/A/ServiceManagement
0x00007fffab044000 	/usr/lib/libxslt.1.dylib
0x00007fff95226000 	/System/Library/Frameworks/Carbon.framework/Versions/A/Frameworks/Ink.framework/Versions/A/Ink
0x00007fffa84f4000 	/System/Library/PrivateFrameworks/TextureIO.framework/Versions/A/TextureIO
0x00007fff99280000 	/System/Library/Frameworks/Metal.framework/Versions/A/Metal
0x00007fffa9c59000 	/usr/lib/libate.dylib
0x00007fffa36a2000 	/System/Library/PrivateFrameworks/GPUCompiler.framework/libmetal_timestamp.dylib
0x00007fff99e24000 	/System/Library/Frameworks/OpenGL.framework/Versions/A/Libraries/libCoreFSCache.dylib
0x00007fffa4731000 	/System/Library/PrivateFrameworks/IOAccelerator.framework/Versions/A/IOAccelerator
0x00007fff97097000 	/System/Library/Frameworks/CoreVideo.framework/Versions/A/CoreVideo
0x00007fffa9983000 	/usr/lib/libFosl_dynamic.dylib
0x00007fffa5330000 	/System/Library/PrivateFrameworks/MetalPerformanceShaders.framework/Versions/A/MetalPerformanceShaders
0x00007fffa1f1a000 	/System/Library/PrivateFrameworks/FaceCore.framework/Versions/A/FaceCore
0x00007fff99dac000 	/System/Library/Frameworks/OpenCL.framework/Versions/A/OpenCL
0x00007fff99ff7000 	/System/Library/Frameworks/OpenGL.framework/Versions/A/Libraries/libGLU.dylib
0x00007fff99e2d000 	/System/Library/Frameworks/OpenGL.framework/Versions/A/Libraries/libGFXShared.dylib
0x00007fff99e37000 	/System/Library/Frameworks/OpenGL.framework/Versions/A/Libraries/libGL.dylib
0x00007fff99e43000 	/System/Library/Frameworks/OpenGL.framework/Versions/A/Libraries/libGLImage.dylib
0x00007fff99e21000 	/System/Library/Frameworks/OpenGL.framework/Versions/A/Libraries/libCVMSPluginSupport.dylib
0x00007fff99e28000 	/System/Library/Frameworks/OpenGL.framework/Versions/A/Libraries/libCoreVMClient.dylib
0x00007fffa196b000 	/System/Library/PrivateFrameworks/CrashReporterSupport.framework/Versions/A/CrashReporterSupport
0x00007fffa73c4000 	/System/Library/PrivateFrameworks/Sharing.framework/Versions/A/Sharing
0x00007fffa474f000 	/System/Library/PrivateFrameworks/IconServices.framework/Versions/A/IconServices
0x00007fffa6612000 	/System/Library/PrivateFrameworks/ProtocolBuffer.framework/Versions/A/ProtocolBuffer
0x00007fff9ec85000 	/System/Library/PrivateFrameworks/Apple80211.framework/Versions/A/Apple80211
0x00007fff970cd000 	/System/Library/Frameworks/CoreWLAN.framework/Versions/A/CoreWLAN
0x00007fffa17e5000 	/System/Library/PrivateFrameworks/CoreUtils.framework/Versions/A/CoreUtils
0x00007fff97896000 	/System/Library/Frameworks/IOBluetooth.framework/Versions/A/IOBluetooth
0x00007fffa1905000 	/System/Library/PrivateFrameworks/CoreWiFi.framework/Versions/A/CoreWiFi
0x00007fff9559d000 	/System/Library/Frameworks/CoreBluetooth.framework/Versions/A/CoreBluetooth
0x00007fff958ad000 	/System/Library/Frameworks/CoreDisplay.framework/Versions/A/CoreDisplay
0x00007fffa473a000 	/System/Library/PrivateFrameworks/IOPresentment.framework/Versions/A/IOPresentment
0x00007fffa19f6000 	/System/Library/PrivateFrameworks/DSExternalDisplay.framework/Versions/A/DSExternalDisplay
0x00007fffa1ae1000 	/System/Library/PrivateFrameworks/DebugSymbols.framework/Versions/A/DebugSymbols
0x00007fffa1615000 	/System/Library/PrivateFrameworks/CoreSymbolication.framework/Versions/A/CoreSymbolication
0x00007fffa7faf000 	/System/Library/PrivateFrameworks/Symbolication.framework/Versions/A/Symbolication
0x00007fff9eca8000 	/System/Library/PrivateFrameworks/AppleFSCompression.framework/Versions/A/AppleFSCompression
0x00007fffa78b7000 	/System/Library/PrivateFrameworks/SpeechRecognitionCore.framework/Versions/A/SpeechRecognitionCore
0x00007fff9ff6b000 	/System/Library/PrivateFrameworks/ChunkingLibrary.framework/Versions/A/ChunkingLibrary
0x000000010e600000 	/Library/Java/JavaVirtualMachines/jdk-9.0.1.jdk/Contents/Home/lib/server/libjvm.dylib
0x00007fffaaead000 	/usr/lib/libstdc++.6.dylib
0x000000010dc4b000 	/Library/Java/JavaVirtualMachines/jdk-9.0.1.jdk/Contents/Home/lib/libverify.dylib
0x000000010dc58000 	/Library/Java/JavaVirtualMachines/jdk-9.0.1.jdk/Contents/Home/lib/libjava.dylib
0x000000010dc96000 	/Library/Java/JavaVirtualMachines/jdk-9.0.1.jdk/Contents/Home/lib/libzip.dylib
0x000000010dc9e000 	/Library/Java/JavaVirtualMachines/jdk-9.0.1.jdk/Contents/Home/lib/libjimage.dylib
0x000000010ddec000 	/Library/Java/JavaVirtualMachines/jdk-9.0.1.jdk/Contents/Home/lib/libnio.dylib
0x0000000113546000 	/Library/Java/JavaVirtualMachines/jdk-9.0.1.jdk/Contents/Home/lib/./libnet.dylib

VM Arguments:
jvm_args: -Dfile.encoding=UTF-8 
java_command: org.apache.catalina.startup.Tomcat$1
java_class_path (initial): /Users/raullima/Documents/workspace-sts-3.9.1.RELEASE/algamoney-api/target/classes:/Users/raullima/.m2/repository/org/springframework/boot/spring-boot-starter-data-jpa/1.5.7.RELEASE/spring-boot-starter-data-jpa-1.5.7.RELEASE.jar:/Users/raullima/.m2/repository/org/springframework/boot/spring-boot-starter/1.5.7.RELEASE/spring-boot-starter-1.5.7.RELEASE.jar:/Users/raullima/.m2/repository/org/springframework/boot/spring-boot-starter-logging/1.5.7.RELEASE/spring-boot-starter-logging-1.5.7.RELEASE.jar:/Users/raullima/.m2/repository/ch/qos/logback/logback-classic/1.1.11/logback-classic-1.1.11.jar:/Users/raullima/.m2/repository/ch/qos/logback/logback-core/1.1.11/logback-core-1.1.11.jar:/Users/raullima/.m2/repository/org/slf4j/jul-to-slf4j/1.7.25/jul-to-slf4j-1.7.25.jar:/Users/raullima/.m2/repository/org/slf4j/log4j-over-slf4j/1.7.25/log4j-over-slf4j-1.7.25.jar:/Users/raullima/.m2/repository/org/yaml/snakeyaml/1.17/snakeyaml-1.17.jar:/Users/raullima/.m2/repository/org/springframework/boot/spring-boot-starter-aop/1.5.7.RELEASE/spring-boot-starter-aop-1.5.7.RELEASE.jar:/Users/raullima/.m2/repository/org/springframework/spring-aop/4.3.11.RELEASE/spring-aop-4.3.11.RELEASE.jar:/Users/raullima/.m2/repository/org/aspectj/aspectjweaver/1.8.10/aspectjweaver-1.8.10.jar:/Users/raullima/.m2/repository/org/springframework/boot/spring-boot-starter-jdbc/1.5.7.RELEASE/spring-boot-starter-jdbc-1.5.7.RELEASE.jar:/Users/raullima/.m2/repository/org/apache/tomcat/tomcat-jdbc/8.5.20/tomcat-jdbc-8.5.20.jar:/Users/raullima/.m2/repository/org/apache/tomcat/tomcat-juli/8.5.20/tomcat-juli-8.5.20.jar:/Users/raullima/.m2/repository/org/springframework/spring-jdbc/4.3.11.RELEASE/spring-jdbc-4.3.11.RELEASE.jar:/Users/raullima/.m2/repository/org/hibernate/hibernate-core/5.0.12.Final/hibernate-core-5.0.12.Final.jar:/Users/raullima/.m2/repository/org/jboss/logging/jboss-logging/3.3.1.Final/jboss-logging-3.3.1.Final.jar:/Users/raullima/.m2/repository/org/hibernate/javax/persistenc
Launcher Type: SUN_STANDARD

Logging:
Log output configuration:
#0: stdout all=warning uptime,level,tags
#1: stderr all=off uptime,level,tags

Environment Variables:
PATH=/usr/bin:/bin:/usr/sbin:/sbin
SHELL=/bin/bash

Signal Handlers:
SIGSEGV: [libjvm.dylib+0x73e2dc], sa_mask[0]=11111111011111110111111111111111, sa_flags=SA_ONSTACK|SA_RESTART|SA_SIGINFO
SIGBUS: [libjvm.dylib+0x73e2dc], sa_mask[0]=11111111011111110111111111111111, sa_flags=SA_RESTART|SA_SIGINFO
SIGFPE: [libjvm.dylib+0x73e2dc], sa_mask[0]=11111111011111110111111111111111, sa_flags=SA_RESTART|SA_SIGINFO
SIGPIPE: [libjvm.dylib+0x5f15ac], sa_mask[0]=11111111011111110111111111111111, sa_flags=SA_RESTART|SA_SIGINFO
SIGXFSZ: [libjvm.dylib+0x5f15ac], sa_mask[0]=11111111011111110111111111111111, sa_flags=SA_RESTART|SA_SIGINFO
SIGILL: [libjvm.dylib+0x73e2dc], sa_mask[0]=11111111011111110111111111111111, sa_flags=SA_RESTART|SA_SIGINFO
SIGUSR2: [libjvm.dylib+0x5f1e3c], sa_mask[0]=00100000000000000000000000000000, sa_flags=SA_RESTART|SA_SIGINFO
SIGHUP: [libjvm.dylib+0x5f0679], sa_mask[0]=11111111011111110111111111111111, sa_flags=SA_RESTART|SA_SIGINFO
SIGINT: [libjvm.dylib+0x5f0679], sa_mask[0]=11111111011111110111111111111111, sa_flags=SA_RESTART|SA_SIGINFO
SIGTERM: [libjvm.dylib+0x5f0679], sa_mask[0]=11111111011111110111111111111111, sa_flags=SA_RESTART|SA_SIGINFO
SIGQUIT: [libjvm.dylib+0x5f0679], sa_mask[0]=11111111011111110111111111111111, sa_flags=SA_RESTART|SA_SIGINFO


---------------  S Y S T E M  ---------------

OS:uname:Darwin 16.7.0 Darwin Kernel Version 16.7.0: Thu Jun 15 17:36:27 PDT 2017; root:xnu-3789.70.16~2/RELEASE_X86_64 x86_64
rlimit: STACK 8192k, CORE 0k, NPROC 709, NOFILE 10240, AS infinity
load average:3.55 2.21 2.00

CPU:total 4 (initial active 4) (2 cores per cpu, 2 threads per core) family 6 model 142 stepping 9, cmov, cx8, fxsr, mmx, sse, sse2, sse3, ssse3, sse4.1, sse4.2, popcnt, avx, avx2, aes, clmul, erms, rtm, 3dnowpref, lzcnt, ht, tsc, tscinvbit, bmi1, bmi2, adx, fma

Memory: 4k page, physical 8388608k(76528k free)

vm_info: Java HotSpot(TM) 64-Bit Server VM (9.0.1+11) for bsd-amd64 JRE (9.0.1+11), built on Sep 28 2017 03:49:57 by "mach5one" with gcc 4.2.1 Compatible Apple LLVM 6.1.0 (clang-602.0.49)

END.
